D:\Angular6\AngularAuto\AngularAuto\AngularAuto\ClientApp\app\_models\car.js
D:\Angular6\AngularAuto\AngularAuto\AngularAuto\ClientApp\app\_models\car.js.map
D:\Angular6\AngularAuto\AngularAuto\AngularAuto\ClientApp\app\_services\carservice.js
D:\Angular6\AngularAuto\AngularAuto\AngularAuto\ClientApp\app\_services\carservice.js.map
D:\Angular6\AngularAuto\AngularAuto\AngularAuto\ClientApp\app\_models\ownercar.js
D:\Angular6\AngularAuto\AngularAuto\AngularAuto\ClientApp\app\_models\ownercar.js.map
D:\Angular6\AngularAuto\AngularAuto\AngularAuto\ClientApp\app\_services\ownercarservice.js
D:\Angular6\AngularAuto\AngularAuto\AngularAuto\ClientApp\app\_services\ownercarservice.js.map
D:\Angular6\AngularAuto\AngularAuto\AngularAuto\ClientApp\app\_services\index.js
D:\Angular6\AngularAuto\AngularAuto\AngularAuto\ClientApp\app\_services\index.js.map
D:\Angular6\AngularAuto\AngularAuto\AngularAuto\ClientApp\app\app.component.js
D:\Angular6\AngularAuto\AngularAuto\AngularAuto\ClientApp\app\app.component.js.map
D:\Angular6\AngularAuto\AngularAuto\AngularAuto\ClientApp\app\home\home.component.js
D:\Angular6\AngularAuto\AngularAuto\AngularAuto\ClientApp\app\home\home.component.js.map
D:\Angular6\AngularAuto\AngularAuto\AngularAuto\ClientApp\app\cars\cars.component.js
D:\Angular6\AngularAuto\AngularAuto\AngularAuto\ClientApp\app\cars\cars.component.js.map
D:\Angular6\AngularAuto\AngularAuto\AngularAuto\ClientApp\app\ownercars\ownercars.component.js
D:\Angular6\AngularAuto\AngularAuto\AngularAuto\ClientApp\app\ownercars\ownercars.component.js.map
D:\Angular6\AngularAuto\AngularAuto\AngularAuto\ClientApp\app\notfound\notfound.component.js
D:\Angular6\AngularAuto\AngularAuto\AngularAuto\ClientApp\app\notfound\notfound.component.js.map
D:\Angular6\AngularAuto\AngularAuto\AngularAuto\ClientApp\app\ownercar_detail\ownercar_detail.component.js
D:\Angular6\AngularAuto\AngularAuto\AngularAuto\ClientApp\app\ownercar_detail\ownercar_detail.component.js.map
D:\Angular6\AngularAuto\AngularAuto\AngularAuto\ClientApp\app\app.router.js
D:\Angular6\AngularAuto\AngularAuto\AngularAuto\ClientApp\app\app.router.js.map
D:\Angular6\AngularAuto\AngularAuto\AngularAuto\ClientApp\app\app.module.js
D:\Angular6\AngularAuto\AngularAuto\AngularAuto\ClientApp\app\app.module.js.map
D:\Angular6\AngularAuto\AngularAuto\AngularAuto\ClientApp\main.js
D:\Angular6\AngularAuto\AngularAuto\AngularAuto\ClientApp\main.js.map
D:\Angular6\AngularAuto\AngularAuto\AngularAuto\ClientApp\polyfills.js
D:\Angular6\AngularAuto\AngularAuto\AngularAuto\ClientApp\polyfills.js.map
