C:\Users\oksana\source\repos\AngularAuto\AngularAuto\ClientApp\app\_models\car.js
C:\Users\oksana\source\repos\AngularAuto\AngularAuto\ClientApp\app\_models\car.js.map
C:\Users\oksana\source\repos\AngularAuto\AngularAuto\ClientApp\app\_services\carservice.js
C:\Users\oksana\source\repos\AngularAuto\AngularAuto\ClientApp\app\_services\carservice.js.map
C:\Users\oksana\source\repos\AngularAuto\AngularAuto\ClientApp\app\_services\index.js
C:\Users\oksana\source\repos\AngularAuto\AngularAuto\ClientApp\app\_services\index.js.map
C:\Users\oksana\source\repos\AngularAuto\AngularAuto\ClientApp\app\app.component.js
C:\Users\oksana\source\repos\AngularAuto\AngularAuto\ClientApp\app\app.component.js.map
C:\Users\oksana\source\repos\AngularAuto\AngularAuto\ClientApp\app\home\home.component.js
C:\Users\oksana\source\repos\AngularAuto\AngularAuto\ClientApp\app\home\home.component.js.map
C:\Users\oksana\source\repos\AngularAuto\AngularAuto\ClientApp\app\cars\cars.component.js
C:\Users\oksana\source\repos\AngularAuto\AngularAuto\ClientApp\app\cars\cars.component.js.map
C:\Users\oksana\source\repos\AngularAuto\AngularAuto\ClientApp\app\notfound\notfound.component.js
C:\Users\oksana\source\repos\AngularAuto\AngularAuto\ClientApp\app\notfound\notfound.component.js.map
C:\Users\oksana\source\repos\AngularAuto\AngularAuto\ClientApp\app\app.router.js
C:\Users\oksana\source\repos\AngularAuto\AngularAuto\ClientApp\app\app.router.js.map
C:\Users\oksana\source\repos\AngularAuto\AngularAuto\ClientApp\app\app.module.js
C:\Users\oksana\source\repos\AngularAuto\AngularAuto\ClientApp\app\app.module.js.map
C:\Users\oksana\source\repos\AngularAuto\AngularAuto\ClientApp\main.js
C:\Users\oksana\source\repos\AngularAuto\AngularAuto\ClientApp\main.js.map
C:\Users\oksana\source\repos\AngularAuto\AngularAuto\ClientApp\polyfills.js
C:\Users\oksana\source\repos\AngularAuto\AngularAuto\ClientApp\polyfills.js.map
C:\Users\oksana\source\repos\AngularAuto\AngularAuto\ClientApp\app\_models\ownercar.js
C:\Users\oksana\source\repos\AngularAuto\AngularAuto\ClientApp\app\_models\ownercar.js.map
